Determining if the pthread_create exist failed with the following output:
Change Dir: /home/nknab/Development/rws/src/project_swarm/build/CMakeFiles/CMakeTmp

Run Build Command:"/usr/bin/ninja" "cmTC_836ac"
[1/2] Building C object CMakeFiles/cmTC_836ac.dir/CheckSymbolExists.c.o
[2/2] Linking C executable cmTC_836ac
FAILED: cmTC_836ac 
: && /usr/bin/clang-6.0   -rdynamic CMakeFiles/cmTC_836ac.dir/CheckSymbolExists.c.o  -o cmTC_836ac   && :
CMakeFiles/cmTC_836ac.dir/CheckSymbolExists.c.o: In function `main':
CheckSymbolExists.c:(.text+0x19): undefined reference to `pthread_create'
clang: error: linker command failed with exit code 1 (use -v to see invocation)
ninja: build stopped: subcommand failed.

File /home/nknab/Development/rws/src/project_swarm/build/CMakeFiles/CMakeTmp/CheckSymbolExists.c:
/* */
#include <pthread.h>

int main(int argc, char** argv)
{
  (void)argv;
#ifndef pthread_create
  return ((int*)(&pthread_create))[argc];
#else
  (void)argc;
  return 0;
#endif
}

Determining if the function pthread_create exists in the pthreads failed with the following output:
Change Dir: /home/nknab/Development/rws/src/project_swarm/build/CMakeFiles/CMakeTmp

Run Build Command:"/usr/bin/ninja" "cmTC_b39be"
[1/2] Building C object CMakeFiles/cmTC_b39be.dir/CheckFunctionExists.c.o
[2/2] Linking C executable cmTC_b39be
FAILED: cmTC_b39be 
: && /usr/bin/clang-6.0 -DCHECK_FUNCTION_EXISTS=pthread_create  -rdynamic CMakeFiles/cmTC_b39be.dir/CheckFunctionExists.c.o  -o cmTC_b39be  -lpthreads && :
/usr/bin/ld: cannot find -lpthreads
clang: error: linker command failed with exit code 1 (use -v to see invocation)
ninja: build stopped: subcommand failed.


